#
# There is insufficient memory for the Java Runtime Environment to continue.
# Native memory allocation (malloc) failed to allocate 1581456 bytes for Chunk::new
# Possible reasons:
#   The system is out of physical RAM or swap space
#   In 32 bit mode, the process size limit was hit
# Possible solutions:
#   Reduce memory load on the system
#   Increase physical memory or swap space
#   Check if swap backing store is full
#   Use 64 bit Java on a 64 bit OS
#   Decrease Java heap size (-Xmx/-Xms)
#   Decrease number of Java threads
#   Decrease Java thread stack sizes (-Xss)
#   Set larger code cache with -XX:ReservedCodeCacheSize=
# This output file may be truncated or incomplete.
#
#  Out of Memory Error (allocation.cpp:390), pid=8528, tid=4404
#
# JRE version: Java(TM) SE Runtime Environment (8.0_91-b14) (build 1.8.0_91-b14)
# Java VM: Java HotSpot(TM) 64-Bit Server VM (25.91-b14 mixed mode windows-amd64 compressed oops)
# Failed to write core dump. Minidumps are not enabled by default on client versions of Windows
#

---------------  T H R E A D  ---------------

Current thread (0x0000000014958000):  JavaThread "C2 CompilerThread0" daemon [_thread_in_native, id=4404, stack(0x0000000015fc0000,0x00000000160c0000)]

Stack: [0x0000000015fc0000,0x00000000160c0000]
[error occurred during error reporting (printing stack bounds), id 0xc0000005]

Native frames: (J=compiled Java code, j=interpreted, Vv=VM code, C=native code)


Current CompileTask:
C2:  16963 2319       4       com.android.dx.dex.code.OutputFinisher::addConstants (93 bytes)


---------------  P R O C E S S  ---------------

Java Threads: ( => current thread )
  0x000000001659b000 JavaThread "pool-1-thread-1" [_thread_in_Java, id=3984, stack(0x0000000019560000,0x0000000019660000)]
  0x00000000162c4000 JavaThread "Service Thread" daemon [_thread_blocked, id=8384, stack(0x00000000166c0000,0x00000000167c0000)]
  0x00000000149ab800 JavaThread "C1 CompilerThread2" daemon [_thread_blocked, id=4992, stack(0x00000000161c0000,0x00000000162c0000)]
  0x0000000014949800 JavaThread "C2 CompilerThread1" daemon [_thread_in_native, id=7648, stack(0x00000000160c0000,0x00000000161c0000)]
=>0x0000000014958000 JavaThread "C2 CompilerThread0" daemon [_thread_in_native, id=4404, stack(0x0000000015fc0000,0x00000000160c0000)]
  0x0000000014956000 JavaThread "Attach Listener" daemon [_thread_blocked, id=3832, stack(0x0000000015ec0000,0x0000000015fc0000)]
  0x0000000014955000 JavaThread "Signal Dispatcher" daemon [_thread_blocked, id=8272, stack(0x0000000015dc0000,0x0000000015ec0000)]
  0x000000001493a800 JavaThread "Finalizer" daemon [_thread_blocked, id=7268, stack(0x0000000015bb0000,0x0000000015cb0000)]
  0x000000000226f000 JavaThread "Reference Handler" daemon [_thread_blocked, id=4240, stack(0x0000000015ab0000,0x0000000015bb0000)]
  0x0000000002180800 JavaThread "main" [_thread_blocked, id=2564, stack(0x0000000001fb0000,0x00000000020b0000)]

Other Threads:
  0x0000000014918000 VMThread [stack: 0x00000000159b0000,0x0000000015ab0000] [id=2532]
  0x00000000162da000 WatcherThread [stack: 0x00000000167c0000,0x00000000168c0000] [id=3892]

VM state:not at safepoint (normal execution)

VM Mutex/Monitor currently owned by a thread: None

Heap:
 PSYoungGen      total 286720K, used 92854K [0x00000000eab00000, 0x00000000fe900000, 0x0000000100000000)
  eden space 258560K, 26% used [0x00000000eab00000,0x00000000eee05d38,0x00000000fa780000)
  from space 28160K, 86% used [0x00000000fc680000,0x00000000fde27d40,0x00000000fe200000)
  to   space 31744K, 0% used [0x00000000fa780000,0x00000000fa780000,0x00000000fc680000)
 ParOldGen       total 86016K, used 43449K [0x00000000c0000000, 0x00000000c5400000, 0x00000000eab00000)
  object space 86016K, 50% used [0x00000000c0000000,0x00000000c2a6e6d8,0x00000000c5400000)
 Metaspace       used 6663K, capacity 7320K, committed 7680K, reserved 1056768K
  class space    used 630K, capacity 656K, committed 768K, reserved 1048576K

Card table byte_map: [0x0000000011640000,0x0000000011850000] byte_map_base: 0x0000000011040000

Marking Bits: (ParMarkBitMap*) 0x000000006ded2f70
 Begin Bits: [0x0000000011db0000, 0x0000000012db0000)
 End Bits:   [0x0000000012db0000, 0x0000000013db0000)

Polling page: 0x0000000000810000

CodeCache: size=245760Kb used=9902Kb max_used=9938Kb free=235857Kb
 bounds [0x0000000002280000, 0x0000000002c50000, 0x0000000011280000]
 total_blobs=2490 nmethods=2221 adapters=182
 compilation: enabled

Compilation events (10 events):
Event: 15.116 Thread 0x00000000149ab800 2322       3       com.android.dx.dex.file.CodeItem::addContents (174 bytes)
Event: 15.118 Thread 0x00000000149ab800 nmethod 2322 0x0000000002c1f610 code [0x0000000002c1f920, 0x0000000002c212a8]
Event: 15.134 Thread 0x00000000149ab800 2325       2       com.android.dx.dex.code.StdCatchBuilder::getCatchTypes (97 bytes)
Event: 15.135 Thread 0x00000000149ab800 nmethod 2325 0x00000000023cafd0 code [0x00000000023cb1e0, 0x00000000023cb6e8]
Event: 15.843 Thread 0x00000000149ab800 2327       2       com.android.dx.rop.code.SwitchInsn::getCatches (4 bytes)
Event: 15.843 Thread 0x00000000149ab800 nmethod 2327 0x000000000238b410 code [0x000000000238b560, 0x000000000238b6b0]
Event: 16.750 Thread 0x0000000014958000 nmethod 2159 0x0000000002c32e50 code [0x0000000002c333e0, 0x0000000002c3a708]
Event: 16.751 Thread 0x0000000014958000 2320       4       java.util.HashMap::putVal (300 bytes)
Event: 16.767 Thread 0x0000000014958000 nmethod 2320 0x00000000023d8310 code [0x00000000023d84c0, 0x00000000023d8c10]
Event: 16.767 Thread 0x0000000014958000 2319       4       com.android.dx.dex.code.OutputFinisher::addConstants (93 bytes)

GC Heap History (10 events):
Event: 3.684 GC heap before
{Heap before GC invocations=2 (full 0):
 PSYoungGen      total 37888K, used 37860K [0x00000000eab00000, 0x00000000ef500000, 0x0000000100000000)
  eden space 32768K, 100% used [0x00000000eab00000,0x00000000ecb00000,0x00000000ecb00000)
  from space 5120K, 99% used [0x00000000ecb00000,0x00000000ecff9080,0x00000000ed000000)
  to   space 5120K, 0% used [0x00000000ef000000,0x00000000ef000000,0x00000000ef500000)
 ParOldGen       total 86016K, used 32K [0x00000000c0000000, 0x00000000c5400000, 0x00000000eab00000)
  object space 86016K, 0% used [0x00000000c0000000,0x00000000c0008000,0x00000000c5400000)
 Metaspace       used 6166K, capacity 7026K, committed 7296K, reserved 1056768K
  class space    used 602K, capacity 618K, committed 640K, reserved 1048576K
Event: 3.702 GC heap after
Heap after GC invocations=2 (full 0):
 PSYoungGen      total 70656K, used 5117K [0x00000000eab00000, 0x00000000ef500000, 0x0000000100000000)
  eden space 65536K, 0% used [0x00000000eab00000,0x00000000eab00000,0x00000000eeb00000)
  from space 5120K, 99% used [0x00000000ef000000,0x00000000ef4ff6a0,0x00000000ef500000)
  to   space 5120K, 0% used [0x00000000eeb00000,0x00000000eeb00000,0x00000000ef000000)
 ParOldGen       total 86016K, used 3213K [0x00000000c0000000, 0x00000000c5400000, 0x00000000eab00000)
  object space 86016K, 3% used [0x00000000c0000000,0x00000000c0323538,0x00000000c5400000)
 Metaspace       used 6166K, capacity 7026K, committed 7296K, reserved 1056768K
  class space    used 602K, capacity 618K, committed 640K, reserved 1048576K
}
Event: 4.402 GC heap before
{Heap before GC invocations=3 (full 0):
 PSYoungGen      total 70656K, used 70653K [0x00000000eab00000, 0x00000000ef500000, 0x0000000100000000)
  eden space 65536K, 100% used [0x00000000eab00000,0x00000000eeb00000,0x00000000eeb00000)
  from space 5120K, 99% used [0x00000000ef000000,0x00000000ef4ff6a0,0x00000000ef500000)
  to   space 5120K, 0% used [0x00000000eeb00000,0x00000000eeb00000,0x00000000ef000000)
 ParOldGen       total 86016K, used 3213K [0x00000000c0000000, 0x00000000c5400000, 0x00000000eab00000)
  object space 86016K, 3% used [0x00000000c0000000,0x00000000c0323538,0x00000000c5400000)
 Metaspace       used 6284K, capacity 7154K, committed 7296K, reserved 1056768K
  class space    used 603K, capacity 618K, committed 640K, reserved 1048576K
Event: 4.453 GC heap after
Heap after GC invocations=3 (full 0):
 PSYoungGen      total 70656K, used 5116K [0x00000000eab00000, 0x00000000f3500000, 0x0000000100000000)
  eden space 65536K, 0% used [0x00000000eab00000,0x00000000eab00000,0x00000000eeb00000)
  from space 5120K, 99% used [0x00000000eeb00000,0x00000000eefff360,0x00000000ef000000)
  to   space 5120K, 0% used [0x00000000f3000000,0x00000000f3000000,0x00000000f3500000)
 ParOldGen       total 86016K, used 12779K [0x00000000c0000000, 0x00000000c5400000, 0x00000000eab00000)
  object space 86016K, 14% used [0x00000000c0000000,0x00000000c0c7af08,0x00000000c5400000)
 Metaspace       used 6284K, capacity 7154K, committed 7296K, reserved 1056768K
  class space    used 603K, capacity 618K, committed 640K, reserved 1048576K
}
Event: 5.433 GC heap before
{Heap before GC invocations=4 (full 0):
 PSYoungGen      total 70656K, used 70652K [0x00000000eab00000, 0x00000000f3500000, 0x0000000100000000)
  eden space 65536K, 100% used [0x00000000eab00000,0x00000000eeb00000,0x00000000eeb00000)
  from space 5120K, 99% used [0x00000000eeb00000,0x00000000eefff360,0x00000000ef000000)
  to   space 5120K, 0% used [0x00000000f3000000,0x00000000f3000000,0x00000000f3500000)
 ParOldGen       total 86016K, used 12779K [0x00000000c0000000, 0x00000000c5400000, 0x00000000eab00000)
  object space 86016K, 14% used [0x00000000c0000000,0x00000000c0c7af08,0x00000000c5400000)
 Metaspace       used 6356K, capacity 7154K, committed 7296K, reserved 1056768K
  class space    used 603K, capacity 618K, committed 640K, reserved 1048576K
Event: 5.480 GC heap after
Heap after GC invocations=4 (full 0):
 PSYoungGen      total 136192K, used 5092K [0x00000000eab00000, 0x00000000f3500000, 0x0000000100000000)
  eden space 131072K, 0% used [0x00000000eab00000,0x00000000eab00000,0x00000000f2b00000)
  from space 5120K, 99% used [0x00000000f3000000,0x00000000f34f9110,0x00000000f3500000)
  to   space 5120K, 0% used [0x00000000f2b00000,0x00000000f2b00000,0x00000000f3000000)
 ParOldGen       total 86016K, used 22715K [0x00000000c0000000, 0x00000000c5400000, 0x00000000eab00000)
  object space 86016K, 26% used [0x00000000c0000000,0x00000000c162efd8,0x00000000c5400000)
 Metaspace       used 6356K, capacity 7154K, committed 7296K, reserved 1056768K
  class space    used 603K, capacity 618K, committed 640K, reserved 1048576K
}
Event: 9.048 GC heap before
{Heap before GC invocations=5 (full 0):
 PSYoungGen      total 136192K, used 136164K [0x00000000eab00000, 0x00000000f3500000, 0x0000000100000000)
  eden space 131072K, 100% used [0x00000000eab00000,0x00000000f2b00000,0x00000000f2b00000)
  from space 5120K, 99% used [0x00000000f3000000,0x00000000f34f9110,0x00000000f3500000)
  to   space 5120K, 0% used [0x00000000f2b00000,0x00000000f2b00000,0x00000000f3000000)
 ParOldGen       total 86016K, used 22715K [0x00000000c0000000, 0x00000000c5400000, 0x00000000eab00000)
  object space 86016K, 26% used [0x00000000c0000000,0x00000000c162efd8,0x00000000c5400000)
 Metaspace       used 6531K, capacity 7256K, committed 7424K, reserved 1056768K
  class space    used 624K, capacity 656K, committed 768K, reserved 1048576K
Event: 9.229 GC heap after
Heap after GC invocations=5 (full 0):
 PSYoungGen      total 136192K, used 5089K [0x00000000eab00000, 0x00000000fe200000, 0x0000000100000000)
  eden space 131072K, 0% used [0x00000000eab00000,0x00000000eab00000,0x00000000f2b00000)
  from space 5120K, 99% used [0x00000000f2b00000,0x00000000f2ff87b0,0x00000000f3000000)
  to   space 28160K, 0% used [0x00000000fc680000,0x00000000fc680000,0x00000000fe200000)
 ParOldGen       total 86016K, used 43449K [0x00000000c0000000, 0x00000000c5400000, 0x00000000eab00000)
  object space 86016K, 50% used [0x00000000c0000000,0x00000000c2a6e6d8,0x00000000c5400000)
 Metaspace       used 6531K, capacity 7256K, committed 7424K, reserved 1056768K
  class space    used 624K, capacity 656K, committed 768K, reserved 1048576K
}
Event: 10.511 GC heap before
{Heap before GC invocations=6 (full 0):
 PSYoungGen      total 136192K, used 136161K [0x00000000eab00000, 0x00000000fe200000, 0x0000000100000000)
  eden space 131072K, 100% used [0x00000000eab00000,0x00000000f2b00000,0x00000000f2b00000)
  from space 5120K, 99% used [0x00000000f2b00000,0x00000000f2ff87b0,0x00000000f3000000)
  to   space 28160K, 0% used [0x00000000fc680000,0x00000000fc680000,0x00000000fe200000)
 ParOldGen       total 86016K, used 43449K [0x00000000c0000000, 0x00000000c5400000, 0x00000000eab00000)
  object space 86016K, 50% used [0x00000000c0000000,0x00000000c2a6e6d8,0x00000000c5400000)
 Metaspace       used 6560K, capacity 7256K, committed 7424K, reserved 1056768K
  class space    used 624K, capacity 656K, committed 768K, reserved 1048576K
Event: 10.855 GC heap after
Heap after GC invocations=6 (full 0):
 PSYoungGen      total 286720K, used 24223K [0x00000000eab00000, 0x00000000fe900000, 0x0000000100000000)
  eden space 258560K, 0% used [0x00000000eab00000,0x00000000eab00000,0x00000000fa780000)
  from space 28160K, 86% used [0x00000000fc680000,0x00000000fde27d40,0x00000000fe200000)
  to   space 31744K, 0% used [0x00000000fa780000,0x00000000fa780000,0x00000000fc680000)
 ParOldGen       total 86016K, used 43449K [0x00000000c0000000, 0x00000000c5400000, 0x00000000eab00000)
  object space 86016K, 50% used [0x00000000c0000000,0x00000000c2a6e6d8,0x00000000c5400000)
 Metaspace       used 6560K, capacity 7256K, committed 7424K, reserved 1056768K
  class space    used 624K, capacity 656K, committed 768K, reserved 1048576K
}

Deoptimization events (10 events):
Event: 10.976 Thread 0x0000000016529000 Uncommon trap: reason=bimorphic action=maybe_recompile pc=0x0000000002b6ed84 method=com.android.dx.cf.code.BytecodeArray.parseInstruction(ILcom/android/dx/cf/code/BytecodeArray$Visitor;)I @ 1501
Event: 10.976 Thread 0x0000000016529000 Uncommon trap: reason=bimorphic action=maybe_recompile pc=0x0000000002b6ed84 method=com.android.dx.cf.code.BytecodeArray.parseInstruction(ILcom/android/dx/cf/code/BytecodeArray$Visitor;)I @ 1501
Event: 11.020 Thread 0x0000000002180800 Uncommon trap: reason=unstable_if action=reinterpret pc=0x000000000296213c method=java.util.HashMap.resize()[Ljava/util/HashMap$Node; @ 206
Event: 12.698 Thread 0x000000001659b000 Uncommon trap: reason=class_check action=maybe_recompile pc=0x000000000272ac88 method=java.util.Arrays.hashCode([Ljava/lang/Object;)I @ 43
Event: 12.698 Thread 0x000000001659b000 Uncommon trap: reason=class_check action=maybe_recompile pc=0x000000000272ac88 method=java.util.Arrays.hashCode([Ljava/lang/Object;)I @ 43
Event: 12.698 Thread 0x000000001659b000 Uncommon trap: reason=class_check action=maybe_recompile pc=0x000000000272ac88 method=java.util.Arrays.hashCode([Ljava/lang/Object;)I @ 43
Event: 12.698 Thread 0x000000001659b000 Uncommon trap: reason=class_check action=maybe_recompile pc=0x000000000272ac88 method=java.util.Arrays.hashCode([Ljava/lang/Object;)I @ 43
Event: 12.698 Thread 0x000000001659b000 Uncommon trap: reason=class_check action=maybe_recompile pc=0x000000000272e0f4 method=java.util.Arrays.hashCode([Ljava/lang/Object;)I @ 43
Event: 12.811 Thread 0x000000001659b000 Uncommon trap: reason=class_check action=maybe_recompile pc=0x00000000026a693c method=java.util.HashMap.putVal(ILjava/lang/Object;Ljava/lang/Object;ZZ)Ljava/lang/Object; @ 203
Event: 15.083 Thread 0x000000001659b000 Uncommon trap: reason=unstable_if action=reinterpret pc=0x0000000002c10698 method=java.util.HashMap.putVal(ILjava/lang/Object;Ljava/lang/Object;ZZ)Ljava/lang/Object; @ 94

Internal exceptions (7 events):
Event: 0.078 Thread 0x0000000002180800 Exception <a 'java/lang/NoSuchMethodError': Method sun.misc.Unsafe.defineClass(Ljava/lang/String;[BII)Ljava/lang/Class; name or signature does not match> (0x00000000eab07cc0) thrown at [C:\re\workspace\8-2-build-windows-amd64-cygwin\jdk8u91\6644\hotspot\sr9°Ø®ñ³?
Event: 0.078 Thread 0x0000000002180800 Exception <a 'java/lang/NoSuchMethodError': Method sun.misc.Unsafe.prefetchRead(Ljava/lang/Object;J)V name or signature does not match> (0x00000000eab07fa8) thrown at [C:\re\workspace\8-2-build-windows-amd64-cygwin\jdk8u91\6644\hotspot\src\share\vm\prims\j
Event: 3.350 Thread 0x000000001659d800 Implicit null exception at 0x00000000025d4022 to 0x00000000025d4121
Event: 7.960 Thread 0x000000001659e000 Implicit null exception at 0x000000000285d331 to 0x000000000285e521
Event: 8.691 Thread 0x0000000016529000 Exception <a 'java/lang/ArrayIndexOutOfBoundsException': 18> (0x00000000f00d0988) thrown at [C:\re\workspace\8-2-build-windows-amd64-cygwin\jdk8u91\6644\hotspot\src\share\vm\interpreter\interpreterRuntime.cpp, line 366]
Event: 8.692 Thread 0x0000000016529000 Exception <a 'java/lang/ArrayIndexOutOfBoundsException': 145> (0x00000000f00d2508) thrown at [C:\re\workspace\8-2-build-windows-amd64-cygwin\jdk8u91\6644\hotspot\src\share\vm\interpreter\interpreterRuntime.cpp, line 366]
Event: 8.693 Thread 0x0000000016529000 Exception <a 'java/lang/ArrayIndexOutOfBoundsException'> (0x00000000f00d37f0) thrown at [C:\re\workspace\8-2-build-windows-amd64-cygwin\jdk8u91\6644\hotspot\src\share\vm\runtime\sharedRuntime.cpp, line 605]

Events (10 events):
Event: 15.085 Thread 0x00000000149ab800 flushing nmethod 0x00000000023ce090
Event: 15.085 Thread 0x00000000149ab800 flushing nmethod 0x00000000023d0c90
Event: 15.087 Thread 0x00000000149ab800 flushing nmethod 0x00000000023d2610
Event: 15.087 Thread 0x00000000149ab800 flushing nmethod 0x00000000023d3250
Event: 15.087 Thread 0x00000000149ab800 flushing nmethod 0x00000000023d3950
Event: 15.087 Thread 0x00000000149ab800 flushing nmethod 0x00000000023d5790
Event: 15.087 Thread 0x00000000149ab800 flushing nmethod 0x00000000023d76d0
Event: 15.087 Thread 0x00000000149ab800 flushing nmethod 0x00000000023d7cd0
Event: 15.087 Thread 0x00000000149ab800 flushing nmethod 0x00000000023d9b10
Event: 15.087 Thread 0x00000000149ab800 flushing nmethod 0x00000000023e0e10


Dynamic libraries:
0x00007ff6e8a00000 - 0x00007ff6e8a37000 	C:\Program Files\Java\jdk1.8.0_91\bin\java.exe
0x00007ffc73710000 - 0x00007ffc738d1000 	C:\WINDOWS\SYSTEM32\ntdll.dll
0x00007ffc72ab0000 - 0x00007ffc72b5d000 	C:\WINDOWS\system32\KERNEL32.DLL
0x00007ffc6ff70000 - 0x00007ffc70158000 	C:\WINDOWS\system32\KERNELBASE.dll
0x00007ffc71000000 - 0x00007ffc710a7000 	C:\WINDOWS\system32\ADVAPI32.dll
0x00007ffc72890000 - 0x00007ffc7292d000 	C:\WINDOWS\system32\msvcrt.dll
0x00007ffc72830000 - 0x00007ffc7288b000 	C:\WINDOWS\system32\sechost.dll
0x00007ffc73120000 - 0x00007ffc7323c000 	C:\WINDOWS\system32\RPCRT4.dll
0x00007ffc72930000 - 0x00007ffc72a86000 	C:\WINDOWS\system32\USER32.dll
0x00007ffc72c20000 - 0x00007ffc72da6000 	C:\WINDOWS\system32\GDI32.dll
0x00007ffc6c3c0000 - 0x00007ffc6c634000 	C:\WINDOWS\WinSxS\amd64_microsoft.windows.common-controls_6595b64144ccf1df_6.0.10586.0_none_8c15ae12515e1c22\COMCTL32.dll
0x00007ffc73350000 - 0x00007ffc735cd000 	C:\WINDOWS\system32\combase.dll
0x00007ffc6fdc0000 - 0x00007ffc6fe2a000 	C:\WINDOWS\system32\bcryptPrimitives.dll
0x00007ffc70fc0000 - 0x00007ffc70ffb000 	C:\WINDOWS\system32\IMM32.DLL
0x000000006ccf0000 - 0x000000006cdc2000 	C:\Program Files\Java\jdk1.8.0_91\jre\bin\msvcr100.dll
0x000000006d6c0000 - 0x000000006df53000 	C:\Program Files\Java\jdk1.8.0_91\jre\bin\server\jvm.dll
0x00007ffc73640000 - 0x00007ffc73648000 	C:\WINDOWS\system32\PSAPI.DLL
0x00007ffc64b10000 - 0x00007ffc64b19000 	C:\WINDOWS\SYSTEM32\WSOCK32.dll
0x00007ffc70f50000 - 0x00007ffc70fbb000 	C:\WINDOWS\system32\WS2_32.dll
0x00007ffc6df00000 - 0x00007ffc6df23000 	C:\WINDOWS\SYSTEM32\WINMM.dll
0x00007ffc6c650000 - 0x00007ffc6c65a000 	C:\WINDOWS\SYSTEM32\VERSION.dll
0x00007ffc6ded0000 - 0x00007ffc6defc000 	C:\WINDOWS\SYSTEM32\WINMMBASE.dll
0x00007ffc6fe90000 - 0x00007ffc6fed3000 	C:\WINDOWS\system32\cfgmgr32.dll
0x000000006e6f0000 - 0x000000006e6ff000 	C:\Program Files\Java\jdk1.8.0_91\jre\bin\verify.dll
0x000000006d690000 - 0x000000006d6b9000 	C:\Program Files\Java\jdk1.8.0_91\jre\bin\java.dll
0x000000006d670000 - 0x000000006d686000 	C:\Program Files\Java\jdk1.8.0_91\jre\bin\zip.dll
0x00007ffc710b0000 - 0x00007ffc7260c000 	C:\WINDOWS\system32\SHELL32.dll
0x00007ffc704a0000 - 0x00007ffc70ae4000 	C:\WINDOWS\system32\windows.storage.dll
0x00007ffc72bc0000 - 0x00007ffc72c12000 	C:\WINDOWS\system32\shlwapi.dll
0x00007ffc6fd80000 - 0x00007ffc6fd8f000 	C:\WINDOWS\system32\kernel.appcore.dll
0x00007ffc703e0000 - 0x00007ffc70495000 	C:\WINDOWS\system32\shcore.dll
0x00007ffc6fd30000 - 0x00007ffc6fd7b000 	C:\WINDOWS\system32\powrprof.dll
0x00007ffc6fd10000 - 0x00007ffc6fd24000 	C:\WINDOWS\system32\profapi.dll

VM Arguments:
jvm_args: -Djava.awt.headless=true -Xmx1024M -Dfile.encoding=windows-1252 -Duser.country=FR -Duser.language=fr -Duser.variant 
java_command: com.android.dx.command.Main --dex --force-jumbo --num-threads=4 --multi-dex --output C:\Users\Laure\AndroidStudioProjects\DIGITALWALLET\DigitalWallet\app\build\intermediates\transforms\dex\debug\folders\1000\10\com.android.support-support-v4-23.4.0_f69f320505343ab62c3dcc4a683516b9887992a6 C:\Users\Laure\AndroidStudioProjects\DIGITALWALLET\DigitalWallet\app\build\intermediates\exploded-aar\com.android.support\support-v4\23.4.0\jars\classes.jar
java_class_path (initial): C:\Users\Laure\AppData\Local\Android\sdk\build-tools\23.0.3\lib\dx.jar
Launcher Type: SUN_STANDARD

Environment Variables:
PATH=C:\ProgramData\Oracle\Java\javapath;C:\Program Files (x86)\ActiveState Komodo Edit 9\;%SystemRoot%\system32;%SystemRoot%;%SystemRoot%\System32\Wbem;%SYSTEMROOT%\System32\WindowsPowerShell\v1.0\;C:\Program Files\WIDCOMM\Bluetooth Software\;C:\Program Files\WIDCOMM\Bluetooth Software\syswow64;C:\Program Files\Dell\DW WLAN Card;C:\Program Files (x86)\Skype\Phone\;C:\Program Files\Git\cmd;C:\Android;C:\Windows\System32
USERNAME=Laure
OS=Windows_NT
PROCESSOR_IDENTIFIER=Intel64 Family 6 Model 37 Stepping 2, GenuineIntel



---------------  S Y S T E M  ---------------

OS: Windows 10.0 , 64 bit Build 10586 (10.0.10586.0)

CPU:total 4 (2 cores per cpu, 2 threads per core) family 6 model 37 stepping 2, cmov, cx8, fxsr, mmx, sse, sse2, sse3, ssse3, sse4.1, sse4.2, popcnt, ht, tsc, tscinvbit

Memory: 4k page, physical 8247912k(1453088k free), swap 33413736k(6188k free)

vm_info: Java HotSpot(TM) 64-Bit Server VM (25.91-b14) for windows-amd64 JRE (1.8.0_91-b14), built on Apr  1 2016 00:58:32 by "java_re" with MS VC++ 10.0 (VS2010)

time: Wed Jun 01 23:46:36 2016
elapsed time: 16 seconds (0d 0h 0m 16s)

