#
# There is insufficient memory for the Java Runtime Environment to continue.
# Native memory allocation (malloc) failed to allocate 2070000 bytes for Chunk::new
# Possible reasons:
#   The system is out of physical RAM or swap space
#   In 32 bit mode, the process size limit was hit
# Possible solutions:
#   Reduce memory load on the system
#   Increase physical memory or swap space
#   Check if swap backing store is full
#   Use 64 bit Java on a 64 bit OS
#   Decrease Java heap size (-Xmx/-Xms)
#   Decrease number of Java threads
#   Decrease Java thread stack sizes (-Xss)
#   Set larger code cache with -XX:ReservedCodeCacheSize=
# This output file may be truncated or incomplete.
#
#  Out of Memory Error (allocation.cpp:390), pid=4388, tid=5804
#
# JRE version: Java(TM) SE Runtime Environment (8.0_91-b14) (build 1.8.0_91-b14)
# Java VM: Java HotSpot(TM) 64-Bit Server VM (25.91-b14 mixed mode windows-amd64 compressed oops)
# Failed to write core dump. Minidumps are not enabled by default on client versions of Windows
#

---------------  T H R E A D  ---------------

Current thread (0x0000000014ad8800):  JavaThread "C2 CompilerThread1" daemon [_thread_in_native, id=5804, stack(0x0000000016280000,0x0000000016380000)]

Stack: [0x0000000016280000,0x0000000016380000]
[error occurred during error reporting (printing stack bounds), id 0xc0000005]

Native frames: (J=compiled Java code, j=interpreted, Vv=VM code, C=native code)


Current CompileTask:
C2:  14276 2083   !   4       com.android.dx.cf.code.Ropper::processBlock (1101 bytes)


---------------  P R O C E S S  ---------------

Java Threads: ( => current thread )
  0x000000001675d000 JavaThread "pool-1-thread-1" [_thread_in_Java, id=7908, stack(0x0000000019720000,0x0000000019820000)]
  0x000000001649c000 JavaThread "Service Thread" daemon [_thread_blocked, id=8416, stack(0x0000000016880000,0x0000000016980000)]
  0x0000000014b30800 JavaThread "C1 CompilerThread2" daemon [_thread_blocked, id=2124, stack(0x0000000016380000,0x0000000016480000)]
=>0x0000000014ad8800 JavaThread "C2 CompilerThread1" daemon [_thread_in_native, id=5804, stack(0x0000000016280000,0x0000000016380000)]
  0x0000000014ae8000 JavaThread "C2 CompilerThread0" daemon [_thread_in_native, id=3752, stack(0x0000000016180000,0x0000000016280000)]
  0x0000000014ae6000 JavaThread "Attach Listener" daemon [_thread_blocked, id=8060, stack(0x0000000016080000,0x0000000016180000)]
  0x0000000014ae5000 JavaThread "Signal Dispatcher" daemon [_thread_blocked, id=7756, stack(0x0000000015f80000,0x0000000016080000)]
  0x0000000014aca800 JavaThread "Finalizer" daemon [_thread_blocked, id=4896, stack(0x0000000015d70000,0x0000000015e70000)]
  0x00000000023ff000 JavaThread "Reference Handler" daemon [_thread_blocked, id=7448, stack(0x0000000015c70000,0x0000000015d70000)]
  0x0000000002310800 JavaThread "main" [_thread_blocked, id=2688, stack(0x0000000002210000,0x0000000002310000)]

Other Threads:
  0x0000000014aa8000 VMThread [stack: 0x0000000015b70000,0x0000000015c70000] [id=8224]
  0x00000000164a2000 WatcherThread [stack: 0x0000000016980000,0x0000000016a80000] [id=8524]

VM state:not at safepoint (normal execution)

VM Mutex/Monitor currently owned by a thread: None

Heap:
 PSYoungGen      total 286208K, used 108265K [0x00000000eab00000, 0x00000000fe800000, 0x0000000100000000)
  eden space 258560K, 32% used [0x00000000eab00000,0x00000000efd36348,0x00000000fa780000)
  from space 27648K, 87% used [0x00000000fc600000,0x00000000fdd84388,0x00000000fe100000)
  to   space 31232K, 0% used [0x00000000fa780000,0x00000000fa780000,0x00000000fc600000)
 ParOldGen       total 86016K, used 43237K [0x00000000c0000000, 0x00000000c5400000, 0x00000000eab00000)
  object space 86016K, 50% used [0x00000000c0000000,0x00000000c2a395a0,0x00000000c5400000)
 Metaspace       used 6862K, capacity 7544K, committed 7680K, reserved 1056768K
  class space    used 642K, capacity 688K, committed 768K, reserved 1048576K

Card table byte_map: [0x00000000117d0000,0x00000000119e0000] byte_map_base: 0x00000000111d0000

Marking Bits: (ParMarkBitMap*) 0x000000006ded2f70
 Begin Bits: [0x0000000011f40000, 0x0000000012f40000)
 End Bits:   [0x0000000012f40000, 0x0000000013f40000)

Polling page: 0x0000000000910000

CodeCache: size=245760Kb used=10416Kb max_used=10416Kb free=235343Kb
 bounds [0x0000000002410000, 0x0000000002e50000, 0x0000000011410000]
 total_blobs=2710 nmethods=2441 adapters=182
 compilation: enabled

Compilation events (10 events):
Event: 14.116 Thread 0x0000000014b30800 2456       3       com.android.dx.dex.code.DalvInsn::getMinimumRegisterRequirement (101 bytes)
Event: 14.117 Thread 0x0000000014b30800 nmethod 2456 0x0000000002e3e490 code [0x0000000002e3e6e0, 0x0000000002e3f798]
Event: 14.125 Thread 0x0000000014b30800 2457       3       java.util.Arrays::fill (21 bytes)
Event: 14.126 Thread 0x0000000014b30800 nmethod 2457 0x0000000002e0bc90 code [0x0000000002e0be00, 0x0000000002e0bff0]
Event: 14.133 Thread 0x0000000014b30800 2458       3       com.android.dx.dex.code.form.Form12x::isCompatible (119 bytes)
Event: 14.135 Thread 0x0000000014b30800 nmethod 2458 0x0000000002e3ff10 code [0x0000000002e40160, 0x0000000002e41728]
Event: 14.140 Thread 0x0000000014b30800 2459       3       com.android.dx.util.ByteArrayAnnotatedOutput::ensureCapacity (39 bytes)
Event: 14.141 Thread 0x0000000014b30800 nmethod 2459 0x0000000002e32250 code [0x0000000002e323c0, 0x0000000002e326c8]
Event: 14.145 Thread 0x0000000014b30800 2460       3       com.android.dx.dex.code.form.Form22t::isCompatible (72 bytes)
Event: 14.148 Thread 0x0000000014b30800 nmethod 2460 0x0000000002e41c50 code [0x0000000002e41ec0, 0x0000000002e43738]

GC Heap History (10 events):
Event: 3.329 GC heap before
{Heap before GC invocations=2 (full 0):
 PSYoungGen      total 37888K, used 37748K [0x00000000eab00000, 0x00000000ef500000, 0x0000000100000000)
  eden space 32768K, 100% used [0x00000000eab00000,0x00000000ecb00000,0x00000000ecb00000)
  from space 5120K, 97% used [0x00000000ecb00000,0x00000000ecfdd010,0x00000000ed000000)
  to   space 5120K, 0% used [0x00000000ef000000,0x00000000ef000000,0x00000000ef500000)
 ParOldGen       total 86016K, used 8K [0x00000000c0000000, 0x00000000c5400000, 0x00000000eab00000)
  object space 86016K, 0% used [0x00000000c0000000,0x00000000c0002000,0x00000000c5400000)
 Metaspace       used 6174K, capacity 7026K, committed 7296K, reserved 1056768K
  class space    used 603K, capacity 618K, committed 640K, reserved 1048576K
Event: 3.347 GC heap after
Heap after GC invocations=2 (full 0):
 PSYoungGen      total 70656K, used 5089K [0x00000000eab00000, 0x00000000ef500000, 0x0000000100000000)
  eden space 65536K, 0% used [0x00000000eab00000,0x00000000eab00000,0x00000000eeb00000)
  from space 5120K, 99% used [0x00000000ef000000,0x00000000ef4f84c8,0x00000000ef500000)
  to   space 5120K, 0% used [0x00000000eeb00000,0x00000000eeb00000,0x00000000ef000000)
 ParOldGen       total 86016K, used 3476K [0x00000000c0000000, 0x00000000c5400000, 0x00000000eab00000)
  object space 86016K, 4% used [0x00000000c0000000,0x00000000c0365288,0x00000000c5400000)
 Metaspace       used 6174K, capacity 7026K, committed 7296K, reserved 1056768K
  class space    used 603K, capacity 618K, committed 640K, reserved 1048576K
}
Event: 4.127 GC heap before
{Heap before GC invocations=3 (full 0):
 PSYoungGen      total 70656K, used 70625K [0x00000000eab00000, 0x00000000ef500000, 0x0000000100000000)
  eden space 65536K, 100% used [0x00000000eab00000,0x00000000eeb00000,0x00000000eeb00000)
  from space 5120K, 99% used [0x00000000ef000000,0x00000000ef4f84c8,0x00000000ef500000)
  to   space 5120K, 0% used [0x00000000eeb00000,0x00000000eeb00000,0x00000000ef000000)
 ParOldGen       total 86016K, used 3476K [0x00000000c0000000, 0x00000000c5400000, 0x00000000eab00000)
  object space 86016K, 4% used [0x00000000c0000000,0x00000000c0365288,0x00000000c5400000)
 Metaspace       used 6275K, capacity 7154K, committed 7296K, reserved 1056768K
  class space    used 604K, capacity 618K, committed 640K, reserved 1048576K
Event: 4.157 GC heap after
Heap after GC invocations=3 (full 0):
 PSYoungGen      total 70656K, used 5116K [0x00000000eab00000, 0x00000000f3500000, 0x0000000100000000)
  eden space 65536K, 0% used [0x00000000eab00000,0x00000000eab00000,0x00000000eeb00000)
  from space 5120K, 99% used [0x00000000eeb00000,0x00000000eefff348,0x00000000ef000000)
  to   space 5120K, 0% used [0x00000000f3000000,0x00000000f3000000,0x00000000f3500000)
 ParOldGen       total 86016K, used 12921K [0x00000000c0000000, 0x00000000c5400000, 0x00000000eab00000)
  object space 86016K, 15% used [0x00000000c0000000,0x00000000c0c9e478,0x00000000c5400000)
 Metaspace       used 6275K, capacity 7154K, committed 7296K, reserved 1056768K
  class space    used 604K, capacity 618K, committed 640K, reserved 1048576K
}
Event: 4.721 GC heap before
{Heap before GC invocations=4 (full 0):
 PSYoungGen      total 70656K, used 70652K [0x00000000eab00000, 0x00000000f3500000, 0x0000000100000000)
  eden space 65536K, 100% used [0x00000000eab00000,0x00000000eeb00000,0x00000000eeb00000)
  from space 5120K, 99% used [0x00000000eeb00000,0x00000000eefff348,0x00000000ef000000)
  to   space 5120K, 0% used [0x00000000f3000000,0x00000000f3000000,0x00000000f3500000)
 ParOldGen       total 86016K, used 12921K [0x00000000c0000000, 0x00000000c5400000, 0x00000000eab00000)
  object space 86016K, 15% used [0x00000000c0000000,0x00000000c0c9e478,0x00000000c5400000)
 Metaspace       used 6336K, capacity 7154K, committed 7296K, reserved 1056768K
  class space    used 604K, capacity 618K, committed 640K, reserved 1048576K
Event: 4.777 GC heap after
Heap after GC invocations=4 (full 0):
 PSYoungGen      total 136192K, used 5100K [0x00000000eab00000, 0x00000000f3500000, 0x0000000100000000)
  eden space 131072K, 0% used [0x00000000eab00000,0x00000000eab00000,0x00000000f2b00000)
  from space 5120K, 99% used [0x00000000f3000000,0x00000000f34fb328,0x00000000f3500000)
  to   space 5120K, 0% used [0x00000000f2b00000,0x00000000f2b00000,0x00000000f3000000)
 ParOldGen       total 86016K, used 22521K [0x00000000c0000000, 0x00000000c5400000, 0x00000000eab00000)
  object space 86016K, 26% used [0x00000000c0000000,0x00000000c15fe710,0x00000000c5400000)
 Metaspace       used 6336K, capacity 7154K, committed 7296K, reserved 1056768K
  class space    used 604K, capacity 618K, committed 640K, reserved 1048576K
}
Event: 5.883 GC heap before
{Heap before GC invocations=5 (full 0):
 PSYoungGen      total 136192K, used 136172K [0x00000000eab00000, 0x00000000f3500000, 0x0000000100000000)
  eden space 131072K, 100% used [0x00000000eab00000,0x00000000f2b00000,0x00000000f2b00000)
  from space 5120K, 99% used [0x00000000f3000000,0x00000000f34fb328,0x00000000f3500000)
  to   space 5120K, 0% used [0x00000000f2b00000,0x00000000f2b00000,0x00000000f3000000)
 ParOldGen       total 86016K, used 22521K [0x00000000c0000000, 0x00000000c5400000, 0x00000000eab00000)
  object space 86016K, 26% used [0x00000000c0000000,0x00000000c15fe710,0x00000000c5400000)
 Metaspace       used 6539K, capacity 7256K, committed 7424K, reserved 1056768K
  class space    used 624K, capacity 656K, committed 768K, reserved 1048576K
Event: 6.004 GC heap after
Heap after GC invocations=5 (full 0):
 PSYoungGen      total 136192K, used 5100K [0x00000000eab00000, 0x00000000fe100000, 0x0000000100000000)
  eden space 131072K, 0% used [0x00000000eab00000,0x00000000eab00000,0x00000000f2b00000)
  from space 5120K, 99% used [0x00000000f2b00000,0x00000000f2ffb328,0x00000000f3000000)
  to   space 27648K, 0% used [0x00000000fc600000,0x00000000fc600000,0x00000000fe100000)
 ParOldGen       total 86016K, used 43237K [0x00000000c0000000, 0x00000000c5400000, 0x00000000eab00000)
  object space 86016K, 50% used [0x00000000c0000000,0x00000000c2a395a0,0x00000000c5400000)
 Metaspace       used 6539K, capacity 7256K, committed 7424K, reserved 1056768K
  class space    used 624K, capacity 656K, committed 768K, reserved 1048576K
}
Event: 6.917 GC heap before
{Heap before GC invocations=6 (full 0):
 PSYoungGen      total 136192K, used 136172K [0x00000000eab00000, 0x00000000fe100000, 0x0000000100000000)
  eden space 131072K, 100% used [0x00000000eab00000,0x00000000f2b00000,0x00000000f2b00000)
  from space 5120K, 99% used [0x00000000f2b00000,0x00000000f2ffb328,0x00000000f3000000)
  to   space 27648K, 0% used [0x00000000fc600000,0x00000000fc600000,0x00000000fe100000)
 ParOldGen       total 86016K, used 43237K [0x00000000c0000000, 0x00000000c5400000, 0x00000000eab00000)
  object space 86016K, 50% used [0x00000000c0000000,0x00000000c2a395a0,0x00000000c5400000)
 Metaspace       used 6556K, capacity 7256K, committed 7424K, reserved 1056768K
  class space    used 624K, capacity 656K, committed 768K, reserved 1048576K
Event: 7.025 GC heap after
Heap after GC invocations=6 (full 0):
 PSYoungGen      total 286208K, used 24080K [0x00000000eab00000, 0x00000000fe800000, 0x0000000100000000)
  eden space 258560K, 0% used [0x00000000eab00000,0x00000000eab00000,0x00000000fa780000)
  from space 27648K, 87% used [0x00000000fc600000,0x00000000fdd84388,0x00000000fe100000)
  to   space 31232K, 0% used [0x00000000fa780000,0x00000000fa780000,0x00000000fc600000)
 ParOldGen       total 86016K, used 43237K [0x00000000c0000000, 0x00000000c5400000, 0x00000000eab00000)
  object space 86016K, 50% used [0x00000000c0000000,0x00000000c2a395a0,0x00000000c5400000)
 Metaspace       used 6556K, capacity 7256K, committed 7424K, reserved 1056768K
  class space    used 624K, capacity 656K, committed 768K, reserved 1048576K
}

Deoptimization events (10 events):
Event: 7.360 Thread 0x000000001675d000 Uncommon trap: reason=bimorphic action=maybe_recompile pc=0x0000000002c7a84c method=com.android.dx.cf.code.BytecodeArray.parseInstruction(ILcom/android/dx/cf/code/BytecodeArray$Visitor;)I @ 1287
Event: 8.026 Thread 0x000000001675d000 Uncommon trap: reason=class_check action=maybe_recompile pc=0x00000000028b0b48 method=java.util.Arrays.hashCode([Ljava/lang/Object;)I @ 43
Event: 8.026 Thread 0x000000001675d000 Uncommon trap: reason=class_check action=maybe_recompile pc=0x00000000028b0b48 method=java.util.Arrays.hashCode([Ljava/lang/Object;)I @ 43
Event: 8.027 Thread 0x000000001675d000 Uncommon trap: reason=class_check action=maybe_recompile pc=0x00000000028b0b48 method=java.util.Arrays.hashCode([Ljava/lang/Object;)I @ 43
Event: 8.028 Thread 0x000000001675d000 Uncommon trap: reason=class_check action=maybe_recompile pc=0x00000000028b0b48 method=java.util.Arrays.hashCode([Ljava/lang/Object;)I @ 43
Event: 8.137 Thread 0x000000001675d000 Uncommon trap: reason=class_check action=maybe_recompile pc=0x00000000028dc4f8 method=java.util.HashMap.putVal(ILjava/lang/Object;Ljava/lang/Object;ZZ)Ljava/lang/Object; @ 203
Event: 10.910 Thread 0x000000001675d000 Uncommon trap: reason=class_check action=maybe_recompile pc=0x000000000275dd20 method=java.util.Arrays.equals([Ljava/lang/Object;[Ljava/lang/Object;)Z @ 62
Event: 10.910 Thread 0x000000001675d000 Uncommon trap: reason=class_check action=maybe_recompile pc=0x000000000275dd20 method=java.util.Arrays.equals([Ljava/lang/Object;[Ljava/lang/Object;)Z @ 62
Event: 10.911 Thread 0x000000001675d000 Uncommon trap: reason=unstable_if action=reinterpret pc=0x000000000275dcf8 method=java.util.Arrays.equals([Ljava/lang/Object;[Ljava/lang/Object;)Z @ 23
Event: 10.912 Thread 0x000000001675d000 Uncommon trap: reason=unstable_if action=reinterpret pc=0x0000000002c463e8 method=java.util.TreeMap.put(Ljava/lang/Object;Ljava/lang/Object;)Ljava/lang/Object; @ 163

Internal exceptions (7 events):
Event: 0.058 Thread 0x0000000002310800 Exception <a 'java/lang/NoSuchMethodError': Method sun.misc.Unsafe.defineClass(Ljava/lang/String;[BII)Ljava/lang/Class; name or signature does not match> (0x00000000eab07cc0) thrown at [C:\re\workspace\8-2-build-windows-amd64-cygwin\jdk8u91\6644\hotspot\srû9±¿SÌ­?
Event: 0.058 Thread 0x0000000002310800 Exception <a 'java/lang/NoSuchMethodError': Method sun.misc.Unsafe.prefetchRead(Ljava/lang/Object;J)V name or signature does not match> (0x00000000eab07fa8) thrown at [C:\re\workspace\8-2-build-windows-amd64-cygwin\jdk8u91\6644\hotspot\src\share\vm\prims\j@	ÊÃ2•@
Event: 2.948 Thread 0x0000000002310800 Implicit null exception at 0x00000000026f889c to 0x00000000026fabd9
Event: 5.070 Thread 0x0000000002310800 Implicit null exception at 0x0000000002a18d7d to 0x0000000002a19fe9
Event: 5.538 Thread 0x00000000167c5800 Exception <a 'java/lang/ArrayIndexOutOfBoundsException': 18> (0x00000000f0510aa0) thrown at [C:\re\workspace\8-2-build-windows-amd64-cygwin\jdk8u91\6644\hotspot\src\share\vm\interpreter\interpreterRuntime.cpp, line 366]
Event: 5.538 Thread 0x00000000167c5800 Exception <a 'java/lang/ArrayIndexOutOfBoundsException': 145> (0x00000000f0512620) thrown at [C:\re\workspace\8-2-build-windows-amd64-cygwin\jdk8u91\6644\hotspot\src\share\vm\interpreter\interpreterRuntime.cpp, line 366]
Event: 5.539 Thread 0x00000000167c5800 Exception <a 'java/lang/ArrayIndexOutOfBoundsException'> (0x00000000f0513908) thrown at [C:\re\workspace\8-2-build-windows-amd64-cygwin\jdk8u91\6644\hotspot\src\share\vm\runtime\sharedRuntime.cpp, line 605]

Events (10 events):
Event: 12.338 Thread 0x000000001675d000 DEOPT PACKING pc=0x0000000002d6f4f9 sp=0x000000001981ecd0
Event: 12.338 Thread 0x000000001675d000 DEOPT UNPACKING pc=0x000000000245747f sp=0x000000001981ea40 mode 0
Event: 12.338 Thread 0x000000001675d000 DEOPT PACKING pc=0x0000000002d6601e sp=0x000000001981ebe0
Event: 12.338 Thread 0x000000001675d000 DEOPT UNPACKING pc=0x000000000245747f sp=0x000000001981e968 mode 0
Event: 12.339 Thread 0x000000001675d000 DEOPT PACKING pc=0x0000000002d776cd sp=0x000000001981ec70
Event: 12.339 Thread 0x000000001675d000 DEOPT UNPACKING pc=0x000000000245747f sp=0x000000001981e9c0 mode 0
Event: 12.567 Thread 0x000000001675d000 DEOPT PACKING pc=0x0000000002d70b11 sp=0x000000001981ebc0
Event: 12.567 Thread 0x000000001675d000 DEOPT UNPACKING pc=0x000000000245747f sp=0x000000001981e948 mode 0
Event: 14.115 Thread 0x000000001675d000 DEOPT PACKING pc=0x0000000002d827f8 sp=0x000000001981ea60
Event: 14.115 Thread 0x000000001675d000 DEOPT UNPACKING pc=0x000000000245747f sp=0x000000001981e7e0 mode 0


Dynamic libraries:
0x00007ff6e8a00000 - 0x00007ff6e8a37000 	C:\Program Files\Java\jdk1.8.0_91\bin\java.exe
0x00007ffc73710000 - 0x00007ffc738d1000 	C:\WINDOWS\SYSTEM32\ntdll.dll
0x00007ffc72ab0000 - 0x00007ffc72b5d000 	C:\WINDOWS\system32\KERNEL32.DLL
0x00007ffc6ff70000 - 0x00007ffc70158000 	C:\WINDOWS\system32\KERNELBASE.dll
0x00007ffc71000000 - 0x00007ffc710a7000 	C:\WINDOWS\system32\ADVAPI32.dll
0x00007ffc72890000 - 0x00007ffc7292d000 	C:\WINDOWS\system32\msvcrt.dll
0x00007ffc72830000 - 0x00007ffc7288b000 	C:\WINDOWS\system32\sechost.dll
0x00007ffc73120000 - 0x00007ffc7323c000 	C:\WINDOWS\system32\RPCRT4.dll
0x00007ffc72930000 - 0x00007ffc72a86000 	C:\WINDOWS\system32\USER32.dll
0x00007ffc72c20000 - 0x00007ffc72da6000 	C:\WINDOWS\system32\GDI32.dll
0x00007ffc6c3c0000 - 0x00007ffc6c634000 	C:\WINDOWS\WinSxS\amd64_microsoft.windows.common-controls_6595b64144ccf1df_6.0.10586.0_none_8c15ae12515e1c22\COMCTL32.dll
0x00007ffc73350000 - 0x00007ffc735cd000 	C:\WINDOWS\system32\combase.dll
0x00007ffc6fdc0000 - 0x00007ffc6fe2a000 	C:\WINDOWS\system32\bcryptPrimitives.dll
0x00007ffc70fc0000 - 0x00007ffc70ffb000 	C:\WINDOWS\system32\IMM32.DLL
0x000000006ccf0000 - 0x000000006cdc2000 	C:\Program Files\Java\jdk1.8.0_91\jre\bin\msvcr100.dll
0x000000006d6c0000 - 0x000000006df53000 	C:\Program Files\Java\jdk1.8.0_91\jre\bin\server\jvm.dll
0x00007ffc73640000 - 0x00007ffc73648000 	C:\WINDOWS\system32\PSAPI.DLL
0x00007ffc64b10000 - 0x00007ffc64b19000 	C:\WINDOWS\SYSTEM32\WSOCK32.dll
0x00007ffc70f50000 - 0x00007ffc70fbb000 	C:\WINDOWS\system32\WS2_32.dll
0x00007ffc6df00000 - 0x00007ffc6df23000 	C:\WINDOWS\SYSTEM32\WINMM.dll
0x00007ffc6c650000 - 0x00007ffc6c65a000 	C:\WINDOWS\SYSTEM32\VERSION.dll
0x00007ffc6ded0000 - 0x00007ffc6defc000 	C:\WINDOWS\SYSTEM32\WINMMBASE.dll
0x00007ffc6fe90000 - 0x00007ffc6fed3000 	C:\WINDOWS\system32\cfgmgr32.dll
0x000000006e6f0000 - 0x000000006e6ff000 	C:\Program Files\Java\jdk1.8.0_91\jre\bin\verify.dll
0x000000006d690000 - 0x000000006d6b9000 	C:\Program Files\Java\jdk1.8.0_91\jre\bin\java.dll
0x000000006d670000 - 0x000000006d686000 	C:\Program Files\Java\jdk1.8.0_91\jre\bin\zip.dll
0x00007ffc710b0000 - 0x00007ffc7260c000 	C:\WINDOWS\system32\SHELL32.dll
0x00007ffc704a0000 - 0x00007ffc70ae4000 	C:\WINDOWS\system32\windows.storage.dll
0x00007ffc72bc0000 - 0x00007ffc72c12000 	C:\WINDOWS\system32\shlwapi.dll
0x00007ffc6fd80000 - 0x00007ffc6fd8f000 	C:\WINDOWS\system32\kernel.appcore.dll
0x00007ffc703e0000 - 0x00007ffc70495000 	C:\WINDOWS\system32\shcore.dll
0x00007ffc6fd30000 - 0x00007ffc6fd7b000 	C:\WINDOWS\system32\powrprof.dll
0x00007ffc6fd10000 - 0x00007ffc6fd24000 	C:\WINDOWS\system32\profapi.dll

VM Arguments:
jvm_args: -Djava.awt.headless=true -Xmx1024M -Dfile.encoding=windows-1252 -Duser.country=FR -Duser.language=fr -Duser.variant 
java_command: com.android.dx.command.Main --dex --force-jumbo --num-threads=4 --multi-dex --output C:\Users\Laure\AndroidStudioProjects\DIGITALWALLET\DigitalWallet\app\build\intermediates\transforms\dex\debug\folders\1000\10\com.android.support-support-v4-23.4.0_f69f320505343ab62c3dcc4a683516b9887992a6 C:\Users\Laure\AndroidStudioProjects\DIGITALWALLET\DigitalWallet\app\build\intermediates\exploded-aar\com.android.support\support-v4\23.4.0\jars\classes.jar
java_class_path (initial): C:\Users\Laure\AppData\Local\Android\sdk\build-tools\23.0.3\lib\dx.jar
Launcher Type: SUN_STANDARD

Environment Variables:
PATH=C:\ProgramData\Oracle\Java\javapath;C:\Program Files (x86)\ActiveState Komodo Edit 9\;%SystemRoot%\system32;%SystemRoot%;%SystemRoot%\System32\Wbem;%SYSTEMROOT%\System32\WindowsPowerShell\v1.0\;C:\Program Files\WIDCOMM\Bluetooth Software\;C:\Program Files\WIDCOMM\Bluetooth Software\syswow64;C:\Program Files\Dell\DW WLAN Card;C:\Program Files (x86)\Skype\Phone\;C:\Program Files\Git\cmd;C:\Android;C:\Windows\System32
USERNAME=Laure
OS=Windows_NT
PROCESSOR_IDENTIFIER=Intel64 Family 6 Model 37 Stepping 2, GenuineIntel



---------------  S Y S T E M  ---------------

OS: Windows 10.0 , 64 bit Build 10586 (10.0.10586.0)

CPU:total 4 (2 cores per cpu, 2 threads per core) family 6 model 37 stepping 2, cmov, cx8, fxsr, mmx, sse, sse2, sse3, ssse3, sse4.1, sse4.2, popcnt, ht, tsc, tscinvbit

Memory: 4k page, physical 8247912k(1539080k free), swap 33413736k(5484k free)

vm_info: Java HotSpot(TM) 64-Bit Server VM (25.91-b14) for windows-amd64 JRE (1.8.0_91-b14), built on Apr  1 2016 00:58:32 by "java_re" with MS VC++ 10.0 (VS2010)

time: Wed Jun 01 23:47:59 2016
elapsed time: 14 seconds (0d 0h 0m 14s)

