#
# There is insufficient memory for the Java Runtime Environment to continue.
# Native memory allocation (malloc) failed to allocate 890256 bytes for Chunk::new
# Possible reasons:
#   The system is out of physical RAM or swap space
#   In 32 bit mode, the process size limit was hit
# Possible solutions:
#   Reduce memory load on the system
#   Increase physical memory or swap space
#   Check if swap backing store is full
#   Use 64 bit Java on a 64 bit OS
#   Decrease Java heap size (-Xmx/-Xms)
#   Decrease number of Java threads
#   Decrease Java thread stack sizes (-Xss)
#   Set larger code cache with -XX:ReservedCodeCacheSize=
# This output file may be truncated or incomplete.
#
#  Out of Memory Error (allocation.cpp:390), pid=6048, tid=3564
#
# JRE version: Java(TM) SE Runtime Environment (8.0_91-b14) (build 1.8.0_91-b14)
# Java VM: Java HotSpot(TM) 64-Bit Server VM (25.91-b14 mixed mode windows-amd64 compressed oops)
# Failed to write core dump. Minidumps are not enabled by default on client versions of Windows
#

---------------  T H R E A D  ---------------

Current thread (0x0000000014908800):  JavaThread "C2 CompilerThread1" daemon [_thread_in_native, id=3564, stack(0x0000000016080000,0x0000000016180000)]

Stack: [0x0000000016080000,0x0000000016180000]
[error occurred during error reporting (printing stack bounds), id 0xc0000005]

Native frames: (J=compiled Java code, j=interpreted, Vv=VM code, C=native code)


Current CompileTask:
C2:  12262 1659       4       com.android.dx.rop.code.LocalVariableExtractor::processBlock (327 bytes)


---------------  P R O C E S S  ---------------

Java Threads: ( => current thread )
  0x00000000163ed800 JavaThread "pool-2-thread-4" [_thread_blocked, id=5408, stack(0x0000000016c80000,0x0000000016d80000)]
  0x00000000163ec800 JavaThread "pool-2-thread-3" [_thread_blocked, id=6804, stack(0x0000000016b80000,0x0000000016c80000)]
  0x00000000163ec000 JavaThread "pool-2-thread-2" [_thread_blocked, id=5760, stack(0x0000000016a80000,0x0000000016b80000)]
  0x00000000163e9000 JavaThread "pool-3-thread-1" [_thread_blocked, id=3988, stack(0x0000000016980000,0x0000000016a80000)]
  0x00000000163d6000 JavaThread "pool-2-thread-1" [_thread_in_Java, id=7764, stack(0x0000000016880000,0x0000000016980000)]
  0x000000001496d800 JavaThread "Service Thread" daemon [_thread_blocked, id=2860, stack(0x0000000016680000,0x0000000016780000)]
  0x0000000016188800 JavaThread "C1 CompilerThread2" daemon [_thread_blocked, id=8656, stack(0x0000000016580000,0x0000000016680000)]
=>0x0000000014908800 JavaThread "C2 CompilerThread1" daemon [_thread_in_native, id=3564, stack(0x0000000016080000,0x0000000016180000)]
  0x0000000014918000 JavaThread "C2 CompilerThread0" daemon [_thread_in_native, id=1980, stack(0x0000000015f80000,0x0000000016080000)]
  0x0000000014916000 JavaThread "Attach Listener" daemon [_thread_blocked, id=6440, stack(0x0000000015e80000,0x0000000015f80000)]
  0x0000000014915000 JavaThread "Signal Dispatcher" daemon [_thread_blocked, id=8484, stack(0x0000000015d80000,0x0000000015e80000)]
  0x00000000148fa800 JavaThread "Finalizer" daemon [_thread_blocked, id=8404, stack(0x0000000015b70000,0x0000000015c70000)]
  0x000000000222f000 JavaThread "Reference Handler" daemon [_thread_blocked, id=3404, stack(0x0000000015a70000,0x0000000015b70000)]
  0x0000000002140800 JavaThread "main" [_thread_in_Java, id=5708, stack(0x0000000001f40000,0x0000000002040000)]

Other Threads:
  0x00000000148d8000 VMThread [stack: 0x0000000015970000,0x0000000015a70000] [id=3476]
  0x00000000161a2800 WatcherThread [stack: 0x0000000016780000,0x0000000016880000] [id=2980]

VM state:not at safepoint (normal execution)

VM Mutex/Monitor currently owned by a thread: None

Heap:
 PSYoungGen      total 37888K, used 37170K [0x00000000eab00000, 0x00000000ef500000, 0x0000000100000000)
  eden space 32768K, 97% used [0x00000000eab00000,0x00000000eca4fd60,0x00000000ecb00000)
  from space 5120K, 99% used [0x00000000ecb00000,0x00000000ecffce60,0x00000000ed000000)
  to   space 5120K, 0% used [0x00000000ef000000,0x00000000ef000000,0x00000000ef500000)
 ParOldGen       total 86016K, used 765K [0x00000000c0000000, 0x00000000c5400000, 0x00000000eab00000)
  object space 86016K, 0% used [0x00000000c0000000,0x00000000c00bf718,0x00000000c5400000)
 Metaspace       used 6277K, capacity 7090K, committed 7296K, reserved 1056768K
  class space    used 603K, capacity 618K, committed 640K, reserved 1048576K

Card table byte_map: [0x0000000011600000,0x0000000011810000] byte_map_base: 0x0000000011000000

Marking Bits: (ParMarkBitMap*) 0x000000006ded2f70
 Begin Bits: [0x0000000011d70000, 0x0000000012d70000)
 End Bits:   [0x0000000012d70000, 0x0000000013d70000)

Polling page: 0x0000000000880000

CodeCache: size=245760Kb used=7068Kb max_used=7094Kb free=238691Kb
 bounds [0x0000000002240000, 0x0000000002940000, 0x0000000011240000]
 total_blobs=1937 nmethods=1669 adapters=182
 compilation: enabled

Compilation events (10 events):
Event: 12.138 Thread 0x0000000016188800 1669       3       java.util.concurrent.ThreadPoolExecutor::afterExecute (1 bytes)
Event: 12.138 Thread 0x0000000016188800 nmethod 1669 0x0000000002925210 code [0x0000000002925360, 0x00000000029254b0]
Event: 12.138 Thread 0x0000000016188800 1670   !   3       java.util.concurrent.ThreadPoolExecutor::getTask (179 bytes)
Event: 12.140 Thread 0x0000000016188800 nmethod 1670 0x0000000002925510 code [0x0000000002925760, 0x0000000002926898]
Event: 12.140 Thread 0x0000000016188800 1671       3       java.util.concurrent.locks.ReentrantLock::lockInterruptibly (9 bytes)
Event: 12.140 Thread 0x0000000016188800 nmethod 1671 0x0000000002926f10 code [0x00000000029270c0, 0x00000000029275d8]
Event: 12.142 Thread 0x0000000014908800 nmethod 1586 0x0000000002927810 code [0x0000000002927da0, 0x000000000292ce70]
Event: 12.143 Thread 0x0000000014908800 1659       4       com.android.dx.rop.code.LocalVariableExtractor::processBlock (327 bytes)
Event: 12.154 Thread 0x0000000016188800 1672   !   3       java.util.zip.ZipFile$ZipFileInputStream::read (131 bytes)
Event: 12.156 Thread 0x0000000016188800 nmethod 1672 0x000000000291c9d0 code [0x000000000291cba0, 0x000000000291d428]

GC Heap History (2 events):
Event: 8.303 GC heap before
{Heap before GC invocations=1 (full 0):
 PSYoungGen      total 37888K, used 32768K [0x00000000eab00000, 0x00000000ed500000, 0x0000000100000000)
  eden space 32768K, 100% used [0x00000000eab00000,0x00000000ecb00000,0x00000000ecb00000)
  from space 5120K, 0% used [0x00000000ed000000,0x00000000ed000000,0x00000000ed500000)
  to   space 5120K, 0% used [0x00000000ecb00000,0x00000000ecb00000,0x00000000ed000000)
 ParOldGen       total 86016K, used 0K [0x00000000c0000000, 0x00000000c5400000, 0x00000000eab00000)
  object space 86016K, 0% used [0x00000000c0000000,0x00000000c0000000,0x00000000c5400000)
 Metaspace       used 6005K, capacity 6898K, committed 7040K, reserved 1056768K
  class space    used 597K, capacity 618K, committed 640K, reserved 1048576K
Event: 8.398 GC heap after
Heap after GC invocations=1 (full 0):
 PSYoungGen      total 37888K, used 5107K [0x00000000eab00000, 0x00000000ef500000, 0x0000000100000000)
  eden space 32768K, 0% used [0x00000000eab00000,0x00000000eab00000,0x00000000ecb00000)
  from space 5120K, 99% used [0x00000000ecb00000,0x00000000ecffce60,0x00000000ed000000)
  to   space 5120K, 0% used [0x00000000ef000000,0x00000000ef000000,0x00000000ef500000)
 ParOldGen       total 86016K, used 765K [0x00000000c0000000, 0x00000000c5400000, 0x00000000eab00000)
  object space 86016K, 0% used [0x00000000c0000000,0x00000000c00bf718,0x00000000c5400000)
 Metaspace       used 6005K, capacity 6898K, committed 7040K, reserved 1056768K
  class space    used 597K, capacity 618K, committed 640K, reserved 1048576K
}

Deoptimization events (3 events):
Event: 5.784 Thread 0x0000000002140800 Uncommon trap: reason=unstable_if action=reinterpret pc=0x000000000238a254 method=java.lang.String.compareTo(Ljava/lang/String;)I @ 38
Event: 7.786 Thread 0x00000000163ec000 Uncommon trap: reason=unstable_if action=reinterpret pc=0x00000000025715dc method=com.android.dx.rop.cst.Constant.compareTo(Lcom/android/dx/rop/cst/Constant;)I @ 12
Event: 11.888 Thread 0x00000000163d6000 Uncommon trap: reason=unstable_if action=reinterpret pc=0x000000000276bb20 method=com.android.dx.ssa.SCCP.simulateStmt(Lcom/android/dx/ssa/SsaInsn;)V @ 53

Internal exceptions (2 events):
Event: 4.528 Thread 0x0000000002140800 Exception <a 'java/lang/NoSuchMethodError': Method sun.misc.Unsafe.defineClass(Ljava/lang/String;[BII)Ljava/lang/Class; name or signature does not match> (0x00000000eab07cc0) thrown at [C:\re\workspace\8-2-build-windows-amd64-cygwin\jdk8u91\6644\hotspot\sri‚kÛM@
Event: 4.528 Thread 0x0000000002140800 Exception <a 'java/lang/NoSuchMethodError': Method sun.misc.Unsafe.prefetchRead(Ljava/lang/Object;J)V name or signature does not match> (0x00000000eab07fa8) thrown at [C:\re\workspace\8-2-build-windows-amd64-cygwin\jdk8u91\6644\hotspot\src\share\vm\prims\j

Events (10 events):
Event: 10.957 loading class com/android/dx/cf/attrib/AttExceptions done
Event: 11.020 loading class com/android/dx/cf/attrib/AttRuntimeInvisibleAnnotations
Event: 11.020 loading class com/android/dx/cf/attrib/AttRuntimeInvisibleAnnotations done
Event: 11.021 loading class com/android/dx/cf/attrib/BaseAnnotations
Event: 11.021 loading class com/android/dx/cf/attrib/BaseAnnotations done
Event: 11.888 Thread 0x00000000163d6000 Uncommon trap: trap_request=0xffffff65 fr.pc=0x000000000276bb20
Event: 11.888 Thread 0x00000000163d6000 DEOPT PACKING pc=0x000000000276bb20 sp=0x000000001697e7b0
Event: 11.888 Thread 0x00000000163d6000 DEOPT UNPACKING pc=0x000000000228582a sp=0x000000001697e798 mode 2
Event: 11.947 loading class com/android/dx/cf/code/SwitchList
Event: 11.947 loading class com/android/dx/cf/code/SwitchList done


Dynamic libraries:
0x00007ff6e8a00000 - 0x00007ff6e8a37000 	C:\Program Files\Java\jdk1.8.0_91\bin\java.exe
0x00007ffc73710000 - 0x00007ffc738d1000 	C:\WINDOWS\SYSTEM32\ntdll.dll
0x00007ffc72ab0000 - 0x00007ffc72b5d000 	C:\WINDOWS\system32\KERNEL32.DLL
0x00007ffc6ff70000 - 0x00007ffc70158000 	C:\WINDOWS\system32\KERNELBASE.dll
0x00007ffc71000000 - 0x00007ffc710a7000 	C:\WINDOWS\system32\ADVAPI32.dll
0x00007ffc72890000 - 0x00007ffc7292d000 	C:\WINDOWS\system32\msvcrt.dll
0x00007ffc72830000 - 0x00007ffc7288b000 	C:\WINDOWS\system32\sechost.dll
0x00007ffc73120000 - 0x00007ffc7323c000 	C:\WINDOWS\system32\RPCRT4.dll
0x00007ffc72930000 - 0x00007ffc72a86000 	C:\WINDOWS\system32\USER32.dll
0x00007ffc72c20000 - 0x00007ffc72da6000 	C:\WINDOWS\system32\GDI32.dll
0x00007ffc6c3c0000 - 0x00007ffc6c634000 	C:\WINDOWS\WinSxS\amd64_microsoft.windows.common-controls_6595b64144ccf1df_6.0.10586.0_none_8c15ae12515e1c22\COMCTL32.dll
0x00007ffc73350000 - 0x00007ffc735cd000 	C:\WINDOWS\system32\combase.dll
0x00007ffc6fdc0000 - 0x00007ffc6fe2a000 	C:\WINDOWS\system32\bcryptPrimitives.dll
0x00007ffc70fc0000 - 0x00007ffc70ffb000 	C:\WINDOWS\system32\IMM32.DLL
0x000000006ccf0000 - 0x000000006cdc2000 	C:\Program Files\Java\jdk1.8.0_91\jre\bin\msvcr100.dll
0x000000006d6c0000 - 0x000000006df53000 	C:\Program Files\Java\jdk1.8.0_91\jre\bin\server\jvm.dll
0x00007ffc73640000 - 0x00007ffc73648000 	C:\WINDOWS\system32\PSAPI.DLL
0x00007ffc64b10000 - 0x00007ffc64b19000 	C:\WINDOWS\SYSTEM32\WSOCK32.dll
0x00007ffc70f50000 - 0x00007ffc70fbb000 	C:\WINDOWS\system32\WS2_32.dll
0x00007ffc6df00000 - 0x00007ffc6df23000 	C:\WINDOWS\SYSTEM32\WINMM.dll
0x00007ffc6c650000 - 0x00007ffc6c65a000 	C:\WINDOWS\SYSTEM32\VERSION.dll
0x00007ffc6ded0000 - 0x00007ffc6defc000 	C:\WINDOWS\SYSTEM32\WINMMBASE.dll
0x00007ffc6fe90000 - 0x00007ffc6fed3000 	C:\WINDOWS\system32\cfgmgr32.dll
0x000000006e6f0000 - 0x000000006e6ff000 	C:\Program Files\Java\jdk1.8.0_91\jre\bin\verify.dll
0x000000006d690000 - 0x000000006d6b9000 	C:\Program Files\Java\jdk1.8.0_91\jre\bin\java.dll
0x000000006d670000 - 0x000000006d686000 	C:\Program Files\Java\jdk1.8.0_91\jre\bin\zip.dll
0x00007ffc710b0000 - 0x00007ffc7260c000 	C:\WINDOWS\system32\SHELL32.dll
0x00007ffc704a0000 - 0x00007ffc70ae4000 	C:\WINDOWS\system32\windows.storage.dll
0x00007ffc72bc0000 - 0x00007ffc72c12000 	C:\WINDOWS\system32\shlwapi.dll
0x00007ffc6fd80000 - 0x00007ffc6fd8f000 	C:\WINDOWS\system32\kernel.appcore.dll
0x00007ffc703e0000 - 0x00007ffc70495000 	C:\WINDOWS\system32\shcore.dll
0x00007ffc6fd30000 - 0x00007ffc6fd7b000 	C:\WINDOWS\system32\powrprof.dll
0x00007ffc6fd10000 - 0x00007ffc6fd24000 	C:\WINDOWS\system32\profapi.dll

VM Arguments:
jvm_args: -Djava.awt.headless=true -Xmx1024M -Dfile.encoding=windows-1252 -Duser.country=FR -Duser.language=fr -Duser.variant 
java_command: com.android.dx.command.Main --dex --force-jumbo --num-threads=4 --multi-dex --output C:\Users\Laure\AndroidStudioProjects\DIGITALWALLET\DigitalWallet\app\build\intermediates\transforms\dex\debug\folders\1000\10\internal_impl-23.4.0_1cd01d6201e666fa22c3a3563858438ccfc1f225 C:\Users\Laure\AndroidStudioProjects\DIGITALWALLET\DigitalWallet\app\build\intermediates\exploded-aar\com.android.support\support-v4\23.4.0\jars\libs\internal_impl-23.4.0.jar
java_class_path (initial): C:\Users\Laure\AppData\Local\Android\sdk\build-tools\23.0.3\lib\dx.jar
Launcher Type: SUN_STANDARD

Environment Variables:
PATH=C:\ProgramData\Oracle\Java\javapath;C:\Program Files (x86)\ActiveState Komodo Edit 9\;%SystemRoot%\system32;%SystemRoot%;%SystemRoot%\System32\Wbem;%SYSTEMROOT%\System32\WindowsPowerShell\v1.0\;C:\Program Files\WIDCOMM\Bluetooth Software\;C:\Program Files\WIDCOMM\Bluetooth Software\syswow64;C:\Program Files\Dell\DW WLAN Card;C:\Program Files (x86)\Skype\Phone\;C:\Program Files\Git\cmd;C:\Android;C:\Windows\System32
USERNAME=Laure
OS=Windows_NT
PROCESSOR_IDENTIFIER=Intel64 Family 6 Model 37 Stepping 2, GenuineIntel



---------------  S Y S T E M  ---------------

OS: Windows 10.0 , 64 bit Build 10586 (10.0.10586.0)

CPU:total 4 (2 cores per cpu, 2 threads per core) family 6 model 37 stepping 2, cmov, cx8, fxsr, mmx, sse, sse2, sse3, ssse3, sse4.1, sse4.2, popcnt, ht, tsc, tscinvbit

Memory: 4k page, physical 8247912k(1453916k free), swap 33413736k(5144k free)

vm_info: Java HotSpot(TM) 64-Bit Server VM (25.91-b14) for windows-amd64 JRE (1.8.0_91-b14), built on Apr  1 2016 00:58:32 by "java_re" with MS VC++ 10.0 (VS2010)

time: Wed Jun 01 23:46:36 2016
elapsed time: 12 seconds (0d 0h 0m 12s)

