#
# There is insufficient memory for the Java Runtime Environment to continue.
# Native memory allocation (malloc) failed to allocate 32744 bytes for ChunkPool::allocate
# Possible reasons:
#   The system is out of physical RAM or swap space
#   In 32 bit mode, the process size limit was hit
# Possible solutions:
#   Reduce memory load on the system
#   Increase physical memory or swap space
#   Check if swap backing store is full
#   Use 64 bit Java on a 64 bit OS
#   Decrease Java heap size (-Xmx/-Xms)
#   Decrease number of Java threads
#   Decrease Java thread stack sizes (-Xss)
#   Set larger code cache with -XX:ReservedCodeCacheSize=
# This output file may be truncated or incomplete.
#
#  Out of Memory Error (allocation.cpp:273), pid=3836, tid=1708
#
# JRE version: Java(TM) SE Runtime Environment (8.0_91-b14) (build 1.8.0_91-b14)
# Java VM: Java HotSpot(TM) 64-Bit Server VM (25.91-b14 mixed mode windows-amd64 compressed oops)
# Failed to write core dump. Minidumps are not enabled by default on client versions of Windows
#

---------------  T H R E A D  ---------------

Current thread (0x0000000014989000):  JavaThread "C2 CompilerThread1" daemon [_thread_in_native, id=1708, stack(0x00000000160a0000,0x00000000161a0000)]

Stack: [0x00000000160a0000,0x00000000161a0000]
[error occurred during error reporting (printing stack bounds), id 0xc0000005]

Native frames: (J=compiled Java code, j=interpreted, Vv=VM code, C=native code)


Current CompileTask:
C2:   8605 1630   !   4       com.android.dx.cf.code.RopperMachine::run (1550 bytes)


---------------  P R O C E S S  ---------------

Java Threads: ( => current thread )
  0x0000000016511000 JavaThread "pool-2-thread-4" [_thread_blocked, id=9052, stack(0x0000000016ca0000,0x0000000016da0000)]
  0x0000000016510800 JavaThread "pool-2-thread-3" [_thread_in_Java, id=7760, stack(0x0000000016ba0000,0x0000000016ca0000)]
  0x000000001650f800 JavaThread "pool-2-thread-2" [_thread_in_Java, id=6148, stack(0x0000000016aa0000,0x0000000016ba0000)]
  0x0000000016508800 JavaThread "pool-3-thread-1" [_thread_blocked, id=6592, stack(0x00000000169a0000,0x0000000016aa0000)]
  0x0000000016505800 JavaThread "pool-2-thread-1" [_thread_blocked, id=6108, stack(0x00000000168a0000,0x00000000169a0000)]
  0x00000000162a4000 JavaThread "Service Thread" daemon [_thread_blocked, id=7604, stack(0x00000000166a0000,0x00000000167a0000)]
  0x000000001498b800 JavaThread "C1 CompilerThread2" daemon [_thread_blocked, id=8356, stack(0x00000000161a0000,0x00000000162a0000)]
=>0x0000000014989000 JavaThread "C2 CompilerThread1" daemon [_thread_in_native, id=1708, stack(0x00000000160a0000,0x00000000161a0000)]
  0x0000000014938000 JavaThread "C2 CompilerThread0" daemon [_thread_in_native, id=8808, stack(0x0000000015fa0000,0x00000000160a0000)]
  0x0000000014936000 JavaThread "Attach Listener" daemon [_thread_blocked, id=6608, stack(0x0000000015ea0000,0x0000000015fa0000)]
  0x0000000014935000 JavaThread "Signal Dispatcher" daemon [_thread_blocked, id=8984, stack(0x0000000015da0000,0x0000000015ea0000)]
  0x000000001491a800 JavaThread "Finalizer" daemon [_thread_blocked, id=7120, stack(0x0000000015b90000,0x0000000015c90000)]
  0x000000000224f000 JavaThread "Reference Handler" daemon [_thread_blocked, id=7900, stack(0x0000000015a90000,0x0000000015b90000)]
  0x0000000002160800 JavaThread "main" [_thread_blocked, id=8732, stack(0x0000000002060000,0x0000000002160000)]

Other Threads:
  0x00000000148f8000 VMThread [stack: 0x0000000015990000,0x0000000015a90000] [id=4840]
  0x00000000162c1000 WatcherThread [stack: 0x00000000167a0000,0x00000000168a0000] [id=584]

VM state:not at safepoint (normal execution)

VM Mutex/Monitor currently owned by a thread: None

Heap:
 PSYoungGen      total 37888K, used 9019K [0x00000000eab00000, 0x00000000ed500000, 0x0000000100000000)
  eden space 32768K, 11% used [0x00000000eab00000,0x00000000eaed6db8,0x00000000ecb00000)
  from space 5120K, 99% used [0x00000000ed000000,0x00000000ed4f8028,0x00000000ed500000)
  to   space 5120K, 0% used [0x00000000ecb00000,0x00000000ecb00000,0x00000000ed000000)
 ParOldGen       total 86016K, used 4556K [0x00000000c0000000, 0x00000000c5400000, 0x00000000eab00000)
  object space 86016K, 5% used [0x00000000c0000000,0x00000000c0473348,0x00000000c5400000)
 Metaspace       used 6283K, capacity 7090K, committed 7296K, reserved 1056768K
  class space    used 603K, capacity 618K, committed 640K, reserved 1048576K

Card table byte_map: [0x0000000011620000,0x0000000011830000] byte_map_base: 0x0000000011020000

Marking Bits: (ParMarkBitMap*) 0x000000006ded2f70
 Begin Bits: [0x0000000011d90000, 0x0000000012d90000)
 End Bits:   [0x0000000012d90000, 0x0000000013d90000)

Polling page: 0x0000000000500000

CodeCache: size=245760Kb used=7112Kb max_used=7112Kb free=238648Kb
 bounds [0x0000000002260000, 0x0000000002960000, 0x0000000011260000]
 total_blobs=1981 nmethods=1712 adapters=182
 compilation: enabled

Compilation events (10 events):
Event: 7.874 Thread 0x000000001498b800 1700       3       java.util.ArrayDeque::poll (5 bytes)
Event: 7.874 Thread 0x000000001498b800 nmethod 1700 0x000000000294e750 code [0x000000000294e8c0, 0x000000000294ea68]
Event: 7.874 Thread 0x000000001498b800 1701   !   3       java.util.zip.Inflater::setInput (74 bytes)
Event: 7.875 Thread 0x000000001498b800 nmethod 1701 0x0000000002952350 code [0x00000000029524e0, 0x0000000002952a58]
Event: 7.875 Thread 0x000000001498b800 1702   !   3       java.util.zip.Inflater::reset (69 bytes)
Event: 7.876 Thread 0x000000001498b800 nmethod 1702 0x0000000002952c90 code [0x0000000002952e20, 0x0000000002953278]
Event: 7.877 Thread 0x000000001498b800 1704       3       java.util.ArrayDeque::add (7 bytes)
Event: 8.522 Thread 0x000000001498b800 nmethod 1704 0x00000000029537d0 code [0x0000000002953940, 0x0000000002953ae8]
Event: 8.522 Thread 0x000000001498b800 1705       3       java.util.concurrent.locks.AbstractQueuedSynchronizer::unparkSuccessor (84 bytes)
Event: 8.523 Thread 0x000000001498b800 nmethod 1705 0x0000000002953b90 code [0x0000000002953d20, 0x0000000002954268]

GC Heap History (4 events):
Event: 5.086 GC heap before
{Heap before GC invocations=1 (full 0):
 PSYoungGen      total 37888K, used 32768K [0x00000000eab00000, 0x00000000ed500000, 0x0000000100000000)
  eden space 32768K, 100% used [0x00000000eab00000,0x00000000ecb00000,0x00000000ecb00000)
  from space 5120K, 0% used [0x00000000ed000000,0x00000000ed000000,0x00000000ed500000)
  to   space 5120K, 0% used [0x00000000ecb00000,0x00000000ecb00000,0x00000000ed000000)
 ParOldGen       total 86016K, used 0K [0x00000000c0000000, 0x00000000c5400000, 0x00000000eab00000)
  object space 86016K, 0% used [0x00000000c0000000,0x00000000c0000000,0x00000000c5400000)
 Metaspace       used 6013K, capacity 6898K, committed 7040K, reserved 1056768K
  class space    used 597K, capacity 618K, committed 640K, reserved 1048576K
Event: 5.226 GC heap after
Heap after GC invocations=1 (full 0):
 PSYoungGen      total 37888K, used 5091K [0x00000000eab00000, 0x00000000ed500000, 0x0000000100000000)
  eden space 32768K, 0% used [0x00000000eab00000,0x00000000eab00000,0x00000000ecb00000)
  from space 5120K, 99% used [0x00000000ecb00000,0x00000000ecff8e70,0x00000000ed000000)
  to   space 5120K, 0% used [0x00000000ed000000,0x00000000ed000000,0x00000000ed500000)
 ParOldGen       total 86016K, used 739K [0x00000000c0000000, 0x00000000c5400000, 0x00000000eab00000)
  object space 86016K, 0% used [0x00000000c0000000,0x00000000c00b8cc8,0x00000000c5400000)
 Metaspace       used 6013K, capacity 6898K, committed 7040K, reserved 1056768K
  class space    used 597K, capacity 618K, committed 640K, reserved 1048576K
}
Event: 8.220 GC heap before
{Heap before GC invocations=2 (full 0):
 PSYoungGen      total 37888K, used 37859K [0x00000000eab00000, 0x00000000ed500000, 0x0000000100000000)
  eden space 32768K, 100% used [0x00000000eab00000,0x00000000ecb00000,0x00000000ecb00000)
  from space 5120K, 99% used [0x00000000ecb00000,0x00000000ecff8e70,0x00000000ed000000)
  to   space 5120K, 0% used [0x00000000ed000000,0x00000000ed000000,0x00000000ed500000)
 ParOldGen       total 86016K, used 739K [0x00000000c0000000, 0x00000000c5400000, 0x00000000eab00000)
  object space 86016K, 0% used [0x00000000c0000000,0x00000000c00b8cc8,0x00000000c5400000)
 Metaspace       used 6277K, capacity 7090K, committed 7296K, reserved 1056768K
  class space    used 603K, capacity 618K, committed 640K, reserved 1048576K
Event: 8.522 GC heap after
Heap after GC invocations=2 (full 0):
 PSYoungGen      total 37888K, used 5088K [0x00000000eab00000, 0x00000000ed500000, 0x0000000100000000)
  eden space 32768K, 0% used [0x00000000eab00000,0x00000000eab00000,0x00000000ecb00000)
  from space 5120K, 99% used [0x00000000ed000000,0x00000000ed4f8028,0x00000000ed500000)
  to   space 5120K, 0% used [0x00000000ecb00000,0x00000000ecb00000,0x00000000ed000000)
 ParOldGen       total 86016K, used 4556K [0x00000000c0000000, 0x00000000c5400000, 0x00000000eab00000)
  object space 86016K, 5% used [0x00000000c0000000,0x00000000c0473348,0x00000000c5400000)
 Metaspace       used 6277K, capacity 7090K, committed 7296K, reserved 1056768K
  class space    used 603K, capacity 618K, committed 640K, reserved 1048576K
}

Deoptimization events (5 events):
Event: 2.188 Thread 0x0000000002160800 Uncommon trap: reason=unstable_if action=reinterpret pc=0x00000000023b5f14 method=java.lang.String.compareTo(Ljava/lang/String;)I @ 38
Event: 3.756 Thread 0x0000000016510800 Uncommon trap: reason=unstable_if action=reinterpret pc=0x0000000002543ac8 method=com.android.dx.rop.code.LocalItem.hashCode()I @ 25
Event: 5.384 Thread 0x0000000016510800 Uncommon trap: reason=null_check action=make_not_entrant pc=0x00000000026b3720 method=com.android.dx.rop.type.Type.equals(Ljava/lang/Object;)Z @ 8
Event: 7.122 Thread 0x0000000002160800 Uncommon trap: reason=unstable_if action=reinterpret pc=0x000000000274c67c method=com.android.dx.ssa.SCCP.simulateStmt(Lcom/android/dx/ssa/SsaInsn;)V @ 53
Event: 7.861 Thread 0x0000000016510800 Uncommon trap: reason=bimorphic action=maybe_recompile pc=0x0000000002816090 method=com.android.dx.ssa.SCCP.simulatePhi(Lcom/android/dx/ssa/PhiInsn;)V @ 124

Internal exceptions (3 events):
Event: 1.044 Thread 0x0000000002160800 Exception <a 'java/lang/NoSuchMethodError': Method sun.misc.Unsafe.defineClass(Ljava/lang/String;[BII)Ljava/lang/Class; name or signature does not match> (0x00000000eab07cc0) thrown at [C:\re\workspace\8-2-build-windows-amd64-cygwin\jdk8u91\6644\hotspot\srÅ8È¥?
Event: 1.044 Thread 0x0000000002160800 Exception <a 'java/lang/NoSuchMethodError': Method sun.misc.Unsafe.prefetchRead(Ljava/lang/Object;J)V name or signature does not match> (0x00000000eab07fa8) thrown at [C:\re\workspace\8-2-build-windows-amd64-cygwin\jdk8u91\6644\hotspot\src\share\vm\prims\jSÁL ¯à@
Event: 5.384 Thread 0x0000000016510800 Implicit null exception at 0x00000000026b3622 to 0x00000000026b3712

Events (10 events):
Event: 7.122 Thread 0x0000000002160800 Uncommon trap: trap_request=0xffffff65 fr.pc=0x000000000274c67c
Event: 7.122 Thread 0x0000000002160800 DEOPT PACKING pc=0x000000000274c67c sp=0x000000000215e370
Event: 7.122 Thread 0x0000000002160800 DEOPT UNPACKING pc=0x00000000022a582a sp=0x000000000215e358 mode 2
Event: 7.563 loading class com/android/dx/cf/code/SwitchList
Event: 7.563 loading class com/android/dx/cf/code/SwitchList done
Event: 7.861 Thread 0x0000000016510800 Uncommon trap: trap_request=0xffffffc6 fr.pc=0x0000000002816090
Event: 7.861 Thread 0x0000000016510800 DEOPT PACKING pc=0x0000000002816090 sp=0x0000000016c9eab0
Event: 7.861 Thread 0x0000000016510800 DEOPT UNPACKING pc=0x00000000022a582a sp=0x0000000016c9ea78 mode 2
Event: 7.877 Executing VM operation: ParallelGCFailedAllocation
Event: 8.522 Executing VM operation: ParallelGCFailedAllocation done


Dynamic libraries:
0x00007ff6e8a00000 - 0x00007ff6e8a37000 	C:\Program Files\Java\jdk1.8.0_91\bin\java.exe
0x00007ffc73710000 - 0x00007ffc738d1000 	C:\WINDOWS\SYSTEM32\ntdll.dll
0x00007ffc72ab0000 - 0x00007ffc72b5d000 	C:\WINDOWS\system32\KERNEL32.DLL
0x00007ffc6ff70000 - 0x00007ffc70158000 	C:\WINDOWS\system32\KERNELBASE.dll
0x00007ffc71000000 - 0x00007ffc710a7000 	C:\WINDOWS\system32\ADVAPI32.dll
0x00007ffc72890000 - 0x00007ffc7292d000 	C:\WINDOWS\system32\msvcrt.dll
0x00007ffc72830000 - 0x00007ffc7288b000 	C:\WINDOWS\system32\sechost.dll
0x00007ffc73120000 - 0x00007ffc7323c000 	C:\WINDOWS\system32\RPCRT4.dll
0x00007ffc72930000 - 0x00007ffc72a86000 	C:\WINDOWS\system32\USER32.dll
0x00007ffc72c20000 - 0x00007ffc72da6000 	C:\WINDOWS\system32\GDI32.dll
0x00007ffc6c3c0000 - 0x00007ffc6c634000 	C:\WINDOWS\WinSxS\amd64_microsoft.windows.common-controls_6595b64144ccf1df_6.0.10586.0_none_8c15ae12515e1c22\COMCTL32.dll
0x00007ffc73350000 - 0x00007ffc735cd000 	C:\WINDOWS\system32\combase.dll
0x00007ffc6fdc0000 - 0x00007ffc6fe2a000 	C:\WINDOWS\system32\bcryptPrimitives.dll
0x00007ffc70fc0000 - 0x00007ffc70ffb000 	C:\WINDOWS\system32\IMM32.DLL
0x000000006ccf0000 - 0x000000006cdc2000 	C:\Program Files\Java\jdk1.8.0_91\jre\bin\msvcr100.dll
0x000000006d6c0000 - 0x000000006df53000 	C:\Program Files\Java\jdk1.8.0_91\jre\bin\server\jvm.dll
0x00007ffc73640000 - 0x00007ffc73648000 	C:\WINDOWS\system32\PSAPI.DLL
0x00007ffc64b10000 - 0x00007ffc64b19000 	C:\WINDOWS\SYSTEM32\WSOCK32.dll
0x00007ffc70f50000 - 0x00007ffc70fbb000 	C:\WINDOWS\system32\WS2_32.dll
0x00007ffc6df00000 - 0x00007ffc6df23000 	C:\WINDOWS\SYSTEM32\WINMM.dll
0x00007ffc6c650000 - 0x00007ffc6c65a000 	C:\WINDOWS\SYSTEM32\VERSION.dll
0x00007ffc6ded0000 - 0x00007ffc6defc000 	C:\WINDOWS\SYSTEM32\WINMMBASE.dll
0x00007ffc6fe90000 - 0x00007ffc6fed3000 	C:\WINDOWS\system32\cfgmgr32.dll
0x000000006e6f0000 - 0x000000006e6ff000 	C:\Program Files\Java\jdk1.8.0_91\jre\bin\verify.dll
0x000000006d690000 - 0x000000006d6b9000 	C:\Program Files\Java\jdk1.8.0_91\jre\bin\java.dll
0x000000006d670000 - 0x000000006d686000 	C:\Program Files\Java\jdk1.8.0_91\jre\bin\zip.dll
0x00007ffc710b0000 - 0x00007ffc7260c000 	C:\WINDOWS\system32\SHELL32.dll
0x00007ffc704a0000 - 0x00007ffc70ae4000 	C:\WINDOWS\system32\windows.storage.dll
0x00007ffc72bc0000 - 0x00007ffc72c12000 	C:\WINDOWS\system32\shlwapi.dll
0x00007ffc6fd80000 - 0x00007ffc6fd8f000 	C:\WINDOWS\system32\kernel.appcore.dll
0x00007ffc703e0000 - 0x00007ffc70495000 	C:\WINDOWS\system32\shcore.dll
0x00007ffc6fd30000 - 0x00007ffc6fd7b000 	C:\WINDOWS\system32\powrprof.dll
0x00007ffc6fd10000 - 0x00007ffc6fd24000 	C:\WINDOWS\system32\profapi.dll

VM Arguments:
jvm_args: -Djava.awt.headless=true -Xmx1024M -Dfile.encoding=windows-1252 -Duser.country=FR -Duser.language=fr -Duser.variant 
java_command: com.android.dx.command.Main --dex --force-jumbo --num-threads=4 --multi-dex --output C:\Users\Laure\AndroidStudioProjects\DIGITALWALLET\DigitalWallet\app\build\intermediates\transforms\dex\debug\folders\1000\10\internal_impl-23.4.0_1cd01d6201e666fa22c3a3563858438ccfc1f225 C:\Users\Laure\AndroidStudioProjects\DIGITALWALLET\DigitalWallet\app\build\intermediates\exploded-aar\com.android.support\support-v4\23.4.0\jars\libs\internal_impl-23.4.0.jar
java_class_path (initial): C:\Users\Laure\AppData\Local\Android\sdk\build-tools\23.0.3\lib\dx.jar
Launcher Type: SUN_STANDARD

Environment Variables:
PATH=C:\ProgramData\Oracle\Java\javapath;C:\Program Files (x86)\ActiveState Komodo Edit 9\;%SystemRoot%\system32;%SystemRoot%;%SystemRoot%\System32\Wbem;%SYSTEMROOT%\System32\WindowsPowerShell\v1.0\;C:\Program Files\WIDCOMM\Bluetooth Software\;C:\Program Files\WIDCOMM\Bluetooth Software\syswow64;C:\Program Files\Dell\DW WLAN Card;C:\Program Files (x86)\Skype\Phone\;C:\Program Files\Git\cmd;C:\Android;C:\Windows\System32
USERNAME=Laure
OS=Windows_NT
PROCESSOR_IDENTIFIER=Intel64 Family 6 Model 37 Stepping 2, GenuineIntel



---------------  S Y S T E M  ---------------

OS: Windows 10.0 , 64 bit Build 10586 (10.0.10586.0)

CPU:total 4 (2 cores per cpu, 2 threads per core) family 6 model 37 stepping 2, cmov, cx8, fxsr, mmx, sse, sse2, sse3, ssse3, sse4.1, sse4.2, popcnt, ht, tsc, tscinvbit

Memory: 4k page, physical 8247912k(1539076k free), swap 33413736k(5160k free)

vm_info: Java HotSpot(TM) 64-Bit Server VM (25.91-b14) for windows-amd64 JRE (1.8.0_91-b14), built on Apr  1 2016 00:58:32 by "java_re" with MS VC++ 10.0 (VS2010)

time: Wed Jun 01 23:47:59 2016
elapsed time: 8 seconds (0d 0h 0m 8s)

